<?xml version="1.0" encoding="UTF-8"?>
<testng-results ignored="0" total="1" passed="1" failed="0" skipped="0">
  <reporter-output>
  </reporter-output>
  <suite started-at="2023-04-03T02:08:56 IST" name="Default suite" finished-at="2023-04-03T02:10:35 IST" duration-ms="99766">
    <groups>
    </groups>
    <test started-at="2023-04-03T02:08:56 IST" name="Default test" finished-at="2023-04-03T02:10:35 IST" duration-ms="99766">
      <class name="testpackage.TestFlightBooking">
        <test-method is-config="true" signature="setUp()[pri:0, instance:testpackage.TestFlightBooking@53976f5c]" started-at="2023-04-03T02:08:56 IST" name="setUp" finished-at="2023-04-03T02:09:17 IST" duration-ms="21251" status="PASS">
          <reporter-output>
          </reporter-output>
        </test-method> <!-- setUp -->
        <test-method signature="testFlightBooking()[pri:0, instance:testpackage.TestFlightBooking@53976f5c]" started-at="2023-04-03T02:09:17 IST" name="testFlightBooking" finished-at="2023-04-03T02:10:34 IST" duration-ms="77262" status="PASS">
          <reporter-output>
          </reporter-output>
        </test-method> <!-- testFlightBooking -->
        <test-method is-config="true" signature="tearDown()[pri:0, instance:testpackage.TestFlightBooking@53976f5c]" started-at="2023-04-03T02:10:34 IST" name="tearDown" finished-at="2023-04-03T02:10:35 IST" duration-ms="1170" status="PASS">
          <reporter-output>
          </reporter-output>
        </test-method> <!-- tearDown -->
      </class> <!-- testpackage.TestFlightBooking -->
    </test> <!-- Default test -->
  </suite> <!-- Default suite -->
</testng-results>
